# Logfile created on 2014-01-09 14:00:41 -0300 by logger.rb/31641
I, [2014-01-09T14:00:41.853198 #10230]  INFO -- : 0:  RedCloth (4.2.9) from /var/lib/gems/1.9.1/specifications/RedCloth-4.2.9.gemspec
I, [2014-01-09T14:00:43.722659 #10230]  INFO -- : 0:  blankslate (2.1.2.4) from /var/lib/gems/1.9.1/specifications/blankslate-2.1.2.4.gemspec
I, [2014-01-09T14:00:46.419861 #10230]  INFO -- : 0:  fast-stemmer (1.0.2) from /var/lib/gems/1.9.1/specifications/fast-stemmer-1.0.2.gemspec
I, [2014-01-09T14:00:48.973158 #10230]  INFO -- : 0:  classifier (1.3.4) from /var/lib/gems/1.9.1/specifications/classifier-1.3.4.gemspec
I, [2014-01-09T14:00:51.178400 #10230]  INFO -- : 0:  colorator (0.1) from /var/lib/gems/1.9.1/specifications/colorator-0.1.gemspec
I, [2014-01-09T14:00:54.849167 #10230]  INFO -- : 0:  highline (1.6.20) from /var/lib/gems/1.9.1/specifications/highline-1.6.20.gemspec
I, [2014-01-09T14:00:57.624197 #10230]  INFO -- : 0:  commander (4.1.5) from /var/lib/gems/1.9.1/specifications/commander-4.1.5.gemspec
I, [2014-01-09T14:01:07.359543 #10230]  INFO -- : 0:  ffi (1.9.3) from /var/lib/gems/1.9.1/specifications/ffi-1.9.3.gemspec
I, [2014-01-09T14:01:10.172498 #10230]  INFO -- : 0:  liquid (2.5.4) from /var/lib/gems/1.9.1/specifications/liquid-2.5.4.gemspec
I, [2014-01-09T14:01:13.367686 #10230]  INFO -- : 0:  rb-fsevent (0.9.4) from /var/lib/gems/1.9.1/specifications/rb-fsevent-0.9.4.gemspec
I, [2014-01-09T14:01:15.710813 #10230]  INFO -- : 0:  rb-inotify (0.9.3) from /var/lib/gems/1.9.1/specifications/rb-inotify-0.9.3.gemspec
I, [2014-01-09T14:01:17.202206 #10230]  INFO -- : 0:  rb-kqueue (0.2.0) from /var/lib/gems/1.9.1/specifications/rb-kqueue-0.2.0.gemspec
I, [2014-01-09T14:01:19.812010 #10230]  INFO -- : 0:  listen (1.3.1) from /var/lib/gems/1.9.1/specifications/listen-1.3.1.gemspec
I, [2014-01-09T14:01:23.179975 #10230]  INFO -- : 0:  maruku (0.7.0) from /var/lib/gems/1.9.1/specifications/maruku-0.7.0.gemspec
I, [2014-01-09T14:01:24.893483 #10230]  INFO -- : 0:  posix-spawn (0.3.8) from /var/lib/gems/1.9.1/specifications/posix-spawn-0.3.8.gemspec
I, [2014-01-09T14:01:29.796240 #10230]  INFO -- : 0:  yajl-ruby (1.1.0) from /var/lib/gems/1.9.1/specifications/yajl-ruby-1.1.0.gemspec
I, [2014-01-09T14:01:38.271093 #10230]  INFO -- : 0:  pygments.rb (0.5.4) from /var/lib/gems/1.9.1/specifications/pygments.rb-0.5.4.gemspec
I, [2014-01-09T14:01:43.180164 #10230]  INFO -- : 0:  redcarpet (2.3.0) from /var/lib/gems/1.9.1/specifications/redcarpet-2.3.0.gemspec
I, [2014-01-09T14:01:45.744907 #10230]  INFO -- : 0:  safe_yaml (0.9.7) from /var/lib/gems/1.9.1/specifications/safe_yaml-0.9.7.gemspec
I, [2014-01-09T14:01:48.174763 #10230]  INFO -- : 0:  parslet (1.5.0) from /var/lib/gems/1.9.1/specifications/parslet-1.5.0.gemspec
I, [2014-01-09T14:01:50.528232 #10230]  INFO -- : 0:  toml (0.1.0) from /var/lib/gems/1.9.1/specifications/toml-0.1.0.gemspec
I, [2014-01-09T14:01:52.762892 #10230]  INFO -- : 0:  jekyll (1.4.2) from /var/lib/gems/1.9.1/specifications/jekyll-1.4.2.gemspec
I, [2014-01-09T14:01:56.282564 #10230]  INFO -- : 0:  kramdown (1.2.0) from /var/lib/gems/1.9.1/specifications/kramdown-1.2.0.gemspec
I, [2014-01-09T14:02:02.358171 #10230]  INFO -- : 0:  rdiscount (2.1.7) from /var/lib/gems/1.9.1/specifications/rdiscount-2.1.7.gemspec
I, [2014-01-09T14:02:04.300209 #10230]  INFO -- : 0:  github-pages (12) from /var/lib/gems/1.9.1/specifications/github-pages-12.gemspec
I, [2014-01-09T14:02:04.301351 #10230]  INFO -- : 0:  bundler (1.5.1) from /var/lib/gems/1.9.1/specifications/bundler-1.5.1.gemspec
